2017-06-02 02:44:09.382000: Zerebos in #general (Zere's Place): $stats
2017-06-02 02:46:00.982000: Zerebos in #general (Zere's Place): $about
2017-06-02 02:51:50.175000: Zerebos in #general (Zere's Place): $newusers
2017-06-02 02:58:47.514000: Zerebos in #general (Zere's Place): $about
2017-06-02 03:00:41.650000: Zerebos in #general (Zere's Place): $commandstats
2017-06-02 03:11:26.401000: Zerebos in #general (Zere's Place): $plonks
2017-06-02 03:11:28.889000: Zerebos in #general (Zere's Place): $about
2017-06-02 03:11:43.801000: Zerebos in #general (Zere's Place): $about
2017-06-02 03:11:49.239000: Zerebos in #general (Zere's Place): $about
2017-06-02 03:11:53.108000: Zerebos in #general (Zere's Place): $plonks
2017-06-02 03:18:13.802000: Zerebos in #general (Zere's Place): $about
2017-06-02 03:23:55.488000: Zerebos in #general (Zere's Place): $socketstats
2017-06-02 03:25:54.462000: Zerebos in #general (Zere's Place): $about
2017-06-02 05:12:10.920000: Zerebos in #general (Zere's Place): $plonk gibzx
2017-06-02 05:12:20.555000: Zerebos in #general (Zere's Place): $plonks
2017-06-02 05:19:34.740000: Zerebos in #general (Zere's Place): $leaders
2017-06-02 05:20:38.512000: Zerebos in #general (Zere's Place): $leaders
2017-06-02 05:20:55.046000: Zerebos in #general (Zere's Place): $unplonk gibzx
2017-06-02 05:34:06.106000: Zerebos in #general (Zere's Place): $leaders
2017-06-02 05:38:18.239000: Zerebos in #general (Zere's Place): $leaders
2017-06-02 05:38:31.873000: Zerebos in #general (Zere's Place): $leaders
2017-06-02 05:43:02.738000: Zerebos in #general (Zere's Place): $info
2017-06-02 06:17:37.994000: Zerebos in #general (Zere's Place): $leaders
2017-06-02 06:23:08.294000: Zerebos in #general (Zere's Place): $leaders
2017-06-02 06:26:39.279000: Zerebos in #general (Zere's Place): $leaders
2017-06-02 06:39:04.681000: Zerebos in #general (Zere's Place): $leaders
2017-06-02 06:40:45.182000: Zerebos in #general (Zere's Place): $leaders
2017-06-02 06:51:17.350000: Zerebos in #class_3-3 (Katawa Shoujo): $leaders
2017-06-02 06:51:31.600000: Zerebos in #class_3-3 (Katawa Shoujo): $leaders
2017-06-02 06:53:25.829000: Zerebos in #class_3-3 (Katawa Shoujo): $leaders
2017-06-02 06:53:33.469000: Zerebos in #class_3-3 (Katawa Shoujo): $leaders
2017-06-02 06:54:14.557000: Zerebos in #class_3-3 (Katawa Shoujo): $leaders
2017-06-02 06:55:15.624000: Zerebos in #class_3-3 (Katawa Shoujo): $leaders
2017-06-02 06:57:58.493000: Zerebos in #class_3-3 (Katawa Shoujo): $leaders
2017-06-02 06:58:13.490000: Zerebos in #class_3-3 (Katawa Shoujo): $leaders
2017-06-02 07:07:04.047000: Zerebos in #class_3-3 (Katawa Shoujo): $leaders
2017-06-02 07:27:14.704000: Zerebos in #class_3-3 (Katawa Shoujo): $leaders
2017-06-02 07:28:40.519000: Zerebos in #class_3-3 (Katawa Shoujo): $leaders
2017-06-02 07:31:24.288000: Zerebos in #class_3-3 (Katawa Shoujo): $leaders
2017-06-02 14:58:16.910000: Zerebos in #class_3-3 (Katawa Shoujo): $leaders
2017-06-02 14:59:00.197000: Zerebos in #class_3-3 (Katawa Shoujo): $leaders
2017-06-02 19:58:42.001000: Zerebos in #class_3-3 (Katawa Shoujo): $leaders
2017-06-03 00:21:22.107000: Zerebos in #class_3-3 (Katawa Shoujo): $leaders
2017-06-03 00:22:55.888000: gibzx in #class_3-3 (Katawa Shoujo): $leaders
2017-06-03 04:04:07.622000: Zerebos in #general (Zere's Place): $info
2017-06-03 04:04:11.956000: Zerebos in #general (Zere's Place): $info server
2017-06-03 04:42:25.831000: Zerebos in #class_3-3 (Katawa Shoujo): $leaders
2017-06-03 05:27:41.390000: Zerebos in #general (Zere's Place): $help
2017-06-03 15:36:16.535000: Zerebos in #class_3-3 (Katawa Shoujo): $leaders
2017-06-03 15:42:13.338000: Zerebos in #class_3-3 (Katawa Shoujo): $quit
2017-06-06 22:19:34.257000: Zerebos in #bot-config (Yamaku Academy): $leaders
2017-06-06 22:19:43.726000: Zerebos in #bot-config (Yamaku Academy): $leaders
2017-06-06 22:20:45.826000: Zerebos in #bot-config (Yamaku Academy): $leaders
2017-06-06 22:21:40.715000: Zerebos in #bot-config (Yamaku Academy): $quit
2017-06-06 22:21:57.324000: Zerebos in #bot-config (Yamaku Academy): $leaders
2017-06-06 22:22:02.870000: Zerebos in #bot-config (Yamaku Academy): $help
2017-06-06 22:22:38.153000: Zerebos in #bot-config (Yamaku Academy): $leaderboard
2017-06-06 22:23:24.751000: Zerebos in #bot-config (Yamaku Academy): $leaderboard
2017-06-06 22:23:40.879000: Zerebos in #bot-config (Yamaku Academy): $help
2017-06-06 22:23:45.615000: Zerebos in #bot-config (Yamaku Academy): $lcr
2017-06-06 22:23:54.106000: Zerebos in #bot-config (Yamaku Academy): $acr
2017-06-06 22:23:59.080000: Zerebos in #bot-config (Yamaku Academy): $acr feminist
2017-06-06 22:24:20.003000: Zerebos in #bot-config (Yamaku Academy): $acr feminism
2017-06-06 22:24:57.838000: Zerebos in #bot-config (Yamaku Academy): $acr kenji
2017-06-06 22:29:25.796000: Zerebos in #bot-config (Yamaku Academy): $quit
2017-06-09 09:40:34.805000: Zerebos in #veterankenji (Zere's Place): ~leaders
2017-06-09 09:40:42.030000: Zerebos in #veterankenji (Zere's Place): ~join
2017-06-09 09:41:30.667000: Zerebos in #locker-room (49ers): ~leaders
2017-06-09 09:41:57.417000: Zerebos in #locker-room (49ers): ~leaders
2017-06-09 09:46:09.711000: Zerebos in #locker-room (49ers): ~leaders
2017-06-09 09:46:16.531000: Zerebos in #locker-room (49ers): ~ignore channel
2017-06-09 09:46:24.513000: Zerebos in #locker-room (49ers): ~leaders
2017-06-09 09:46:50.345000: Zerebos in #locker-room (49ers): ~plonks
2017-06-09 09:47:02.542000: Zerebos in #locker-room (49ers): ~leaders
2017-06-09 09:47:39.792000: Zerebos in #locker-room (49ers): ~unignore channel
2017-06-09 09:47:42.879000: Zerebos in #locker-room (49ers): ~unignore
2017-06-09 09:55:44.990000: Zerebos in #locker-room (49ers): ~leaders
2017-06-09 09:55:56.869000: Zerebos in #locker-room (49ers): ~givexp Zerebos 30
2017-06-09 09:56:14.288000: Zerebos in #locker-room (49ers): ~givexp Zerebos 60
2017-06-09 09:57:56.617000: Zerebos in #locker-room (49ers): ~leaders
2017-06-09 09:58:02.873000: Zerebos in #locker-room (49ers): ~givexp Zerebos 60
2017-06-09 09:58:10.913000: Zerebos in #locker-room (49ers): ~leaders
2017-06-09 09:58:18.846000: Zerebos in #locker-room (49ers): ~givexp Zerebos 300
2017-06-09 09:58:31.123000: Zerebos in #locker-room (49ers): ~givexp Zerebos 600
2017-06-09 09:58:44.627000: Zerebos in #locker-room (49ers): ~givexp Zerebos 1000
2017-06-09 09:58:55.622000: Zerebos in #locker-room (49ers): ~givexp Zerebos 2000
2017-06-09 09:59:14.924000: Zerebos in #locker-room (49ers): ~leaders
2017-06-09 10:16:24.710000: Zerebos in #veterankenji (Zere's Place): ~addrank foo
2017-06-09 10:16:39.395000: Zerebos in #locker-room (49ers): ~addrank Unknown
2017-06-09 10:20:29.360000: Zerebos in #veterankenji (Zere's Place): ~addrank everyone
2017-06-09 10:20:57.889000: Zerebos in #dev_room (Zere's Place): ~addrank @everyone
2017-06-09 10:21:28.303000: Zerebos in #dev_room (Zere's Place): ~addrank @everyone
2017-06-09 10:29:25.678000: Zerebos in #dev_room (Zere's Place): ~help
2017-06-09 10:29:33.854000: Zerebos in #dev_room (Zere's Place): ~leaders
2017-06-09 10:32:45.848000: Zerebos in #dev_room (Zere's Place): ~leaders
2017-06-09 10:32:51.254000: Zerebos in #dev_room (Zere's Place): ~leaders
2017-06-09 10:47:29.561000: Zerebos in #locker-room (49ers): ~leaders
2017-06-09 10:47:51.191000: Zerebos in #locker-room (49ers): ~leaders
2017-06-09 10:55:21.856000: Zerebos in #dev_room (Zere's Place): ~leaders
2017-06-09 10:55:44.230000: Zerebos in #dev_room (Zere's Place): ~leaders
2017-06-09 11:03:03.659000: Zerebos in #dev_room (Zere's Place): ~leaders
2017-06-09 11:07:08.691000: Zerebos in #dev_room (Zere's Place): ~leaders
2017-06-09 11:07:15.903000: Zerebos in #dev_room (Zere's Place): ~leaders
2017-06-09 11:08:32.774000: Zerebos in #locker-room (49ers): ~leaders
2017-06-09 11:09:13.408000: Zerebos in #locker-room (49ers): ~leaders
2017-06-09 11:09:19.115000: Zerebos in #locker-room (49ers): ~leaders
2017-06-09 11:10:28.593000: Zerebos in #locker-room (49ers): ~leaders
2017-06-09 11:11:42.897000: Zerebos in #locker-room (49ers): ~ignore list
2017-06-09 11:12:17.084000: Zerebos in #locker-room (49ers): ~leaders
2017-06-09 11:12:26.691000: Zerebos in #locker-room (49ers): ~leaders
2017-06-09 11:13:44.536000: Zerebos in #locker-room (49ers): ~leaders
2017-06-09 11:13:49.635000: Zerebos in #locker-room (49ers): ~leaders
2017-06-09 11:18:19.102000: Zerebos in #locker-room (49ers): ~leaders
2017-06-09 11:18:37.579000: Zerebos in #locker-room (49ers): ~leaders
2017-06-09 11:24:14.204000: Zerebos in #dev_room (Zere's Place): ~addrank Year One
2017-06-09 18:16:41.098000: Zerebos in Private Message: ~join
2017-06-09 18:21:27.467000: Zerebos in #locker-room (49ers): ~leaders
2017-06-09 18:26:56.761000: Zerebos in #locker-room (49ers): ~leaders
2017-06-09 18:27:02.267000: Zerebos in #locker-room (49ers): ~leaders
